<?xml version="1.0" encoding="UTF-8"?>
<testng-results skipped="0" failed="0" total="1" passed="1">
  <reporter-output>
  </reporter-output>
  <suite name="Default suite" duration-ms="7568" started-at="2014-11-25T07:08:05Z" finished-at="2014-11-25T07:08:12Z">
    <groups>
    </groups>
    <test name="Default test" duration-ms="7568" started-at="2014-11-25T07:08:05Z" finished-at="2014-11-25T07:08:12Z">
      <class name="com.lib.LoginLogout">
        <test-method status="PASS" signature="precondition()[pri:0, instance:com.lib.LoginLogout@18ee9d6]" name="precondition" is-config="true" duration-ms="7381" started-at="2014-11-25T12:38:05Z" finished-at="2014-11-25T12:38:12Z">
          <reporter-output>
          </reporter-output>
        </test-method> <!-- precondition -->
        <test-method status="PASS" signature="testLoginLogout()[pri:0, instance:com.lib.LoginLogout@18ee9d6]" name="testLoginLogout" duration-ms="15" started-at="2014-11-25T12:38:12Z" finished-at="2014-11-25T12:38:12Z">
          <reporter-output>
          </reporter-output>
        </test-method> <!-- testLoginLogout -->
        <test-method status="PASS" signature="postcondition()[pri:0, instance:com.lib.LoginLogout@18ee9d6]" name="postcondition" is-config="true" duration-ms="141" started-at="2014-11-25T12:38:12Z" finished-at="2014-11-25T12:38:12Z">
          <reporter-output>
          </reporter-output>
        </test-method> <!-- postcondition -->
      </class> <!-- com.lib.LoginLogout -->
    </test> <!-- Default test -->
  </suite> <!-- Default suite -->
</testng-results>
